Flutter crash report.
Please report a bug at https://github.com/flutter/flutter/issues.

## command

flutter gen-l10n

## exception

ProcessException: ProcessException: `dart format` failed with exit code 65

stdout:
Formatted no files in 0.01 seconds.


stderr:
Could not format because the source could not be parsed:

line 63, column 14 of d:/gym_lyna_clean/lib/l10n/app_localizations_en.dart: 'in' can't be used as an identifier because it's a keyword.
   â•·
63 â”‚   String get in => 'in';
   â”‚              ^^
   â•µ
Could not format because the source could not be parsed:

line 63, column 14 of d:/gym_lyna_clean/lib/l10n/app_localizations_es.dart: 'in' can't be used as an identifier because it's a keyword.
   â•·
63 â”‚   String get in => 'in';
   â”‚              ^^
   â•µ
Could not format because the source could not be parsed:

line 63, column 14 of d:/gym_lyna_clean/lib/l10n/app_localizations_fr.dart: 'in' can't be used as an identifier because it's a keyword.
   â•·
63 â”‚   String get in => 'in';
   â”‚              ^^
   â•µ
Could not format because the source could not be parsed:

line 206, column 14 of d:/gym_lyna_clean/lib/l10n/app_localizations.dart: 'in' can't be used as an identifier because it's a keyword.
    â•·
206 â”‚   String get in;
    â”‚              ^^
    â•µ

  Command: C:\flutter\bin\cache\dart-sdk\bin\dart.exe C:\flutter\bin\cache\dart-sdk\bin\dart.exe format D:\gym_lyna_clean\lib\l10n\app_localizations_en.dart D:\gym_lyna_clean\lib\l10n\app_localizations_es.dart D:\gym_lyna_clean\lib\l10n\app_localizations_fr.dart D:\gym_lyna_clean\lib\l10n\app_localizations.dart

```
#0      generateLocalizations (package:flutter_tools/src/localizations/gen_l10n.dart:96:7)
<asynchronous suspension>
#1      GenerateLocalizationsCommand.runCommand (package:flutter_tools/src/commands/generate_localizations.dart:263:5)
<asynchronous suspension>
#2      FlutterCommand.run.<anonymous closure> (package:flutter_tools/src/runner/flutter_command.dart:1559:27)
<asynchronous suspension>
#3      AppContext.run.<anonymous closure> (package:flutter_tools/src/base/context.dart:154:19)
<asynchronous suspension>
#4      CommandRunner.runCommand (package:args/command_runner.dart:212:13)
<asynchronous suspension>
#5      FlutterCommandRunner.runCommand.<anonymous closure> (package:flutter_tools/src/runner/flutter_command_runner.dart:487:9)
<asynchronous suspension>
#6      AppContext.run.<anonymous closure> (package:flutter_tools/src/base/context.dart:154:19)
<asynchronous suspension>
#7      FlutterCommandRunner.runCommand (package:flutter_tools/src/runner/flutter_command_runner.dart:422:5)
<asynchronous suspension>
#8      run.<anonymous closure>.<anonymous closure> (package:flutter_tools/runner.dart:104:11)
<asynchronous suspension>
#9      AppContext.run.<anonymous closure> (package:flutter_tools/src/base/context.dart:154:19)
<asynchronous suspension>
#10     main (package:flutter_tools/executable.dart:103:3)
<asynchronous suspension>
```

## flutter doctor

```
[32m[✓][39m Flutter (Channel stable, 3.38.5, on Microsoft Windows [Version
    10.0.26200.8037], locale en-US) [326ms]
    [32m•[39m Flutter version 3.38.5 on channel stable at C:\flutter
    [32m•[39m Upstream repository https://github.com/flutter/flutter.git
    [32m•[39m Framework revision f6ff1529fd (3 months ago), 2025-12-11
      11:50:07 -0500
    [32m•[39m Engine revision 1527ae0ec5
    [32m•[39m Dart version 3.10.4
    [32m•[39m DevTools version 2.51.1
    [32m•[39m Feature flags: enable-web, enable-linux-desktop,
      enable-macos-desktop, enable-windows-desktop,
      enable-android, enable-ios, cli-animations,
      enable-native-assets, omit-legacy-version-file,
      enable-lldb-debugging

[32m[✓][39m Windows Version (11 Home Single Language 64-bit, 25H2, 2009)
    [1,169ms]

[32m[✓][39m Android toolchain - develop for Android devices (Android SDK
    version 36.1.0) [3.2s]
    [32m•[39m Android SDK at D:\Android_Emu\Android_SDK
    [32m•[39m Emulator version 36.4.9.0 (build_id 14788078) (CL:N/A)
    [32m•[39m Platform android-36, build-tools 36.1.0
    [32m•[39m ANDROID_SDK_ROOT = D:\Android_Emu\Android_SDK
    [32m•[39m Java binary at: D:\SLS_Y4\Mobile\Flutter\jbr\bin\java
      This is the JDK bundled with the latest Android Studio
      installation on this machine.
      To manually set the JDK path, use: `flutter config
      --jdk-dir="path/to/jdk"`.
    [32m•[39m Java version OpenJDK Runtime Environment (build
      21.0.8+-14196175-b1038.72)
    [32m•[39m All Android licenses accepted.

[32m[✓][39m Chrome - develop for the web [120ms]
    [32m•[39m Chrome at C:\Program
      Files\Google\Chrome\Application\chrome.exe

[32m[✓][39m Visual Studio - develop Windows apps (Visual Studio Community
    2022 17.14.16) [119ms]
    [32m•[39m Visual Studio at C:\Program Files\Microsoft Visual
      Studio\2022\Community
    [32m•[39m Visual Studio Community 2022 version 17.14.36518.9
    [32m•[39m Windows 10 SDK version 10.0.26100.0

[32m[✓][39m Connected device (4 available) [325ms]
    [32m•[39m sdk gphone64 x86 64 (mobile) • emulator-5554 • android-x64
      • Android 14 (API 34) (emulator)
    [32m•[39m Windows (desktop)            • windows       • windows-x64
      • Microsoft Windows [Version 10.0.26200.8037]
    [32m•[39m Chrome (web)                 • chrome        •
      web-javascript • Google Chrome 145.0.7632.160
    [32m•[39m Edge (web)                   • edge          •
      web-javascript • Microsoft Edge 145.0.3800.97

[32m[✓][39m Network resources [407ms]
    [32m•[39m All expected network resources are available.

[32m•[39m No issues found!
```
